c:\users\tobey\documents\github\comp3016_cw2\openglproject\openglproject\x64\debug\vc143.pdb
c:\users\tobey\documents\github\comp3016_cw2\openglproject\openglproject\x64\debug\vc143.idb
c:\users\tobey\documents\github\comp3016_cw2\openglproject\openglproject\x64\debug\textures.obj
c:\users\tobey\documents\github\comp3016_cw2\openglproject\openglproject\x64\debug\camera.obj
c:\users\tobey\documents\github\comp3016_cw2\openglproject\openglproject\x64\debug\log.obj
c:\users\tobey\documents\github\comp3016_cw2\openglproject\openglproject\x64\debug\shaders.obj
c:\users\tobey\documents\github\comp3016_cw2\openglproject\openglproject\x64\debug\main.obj
c:\users\tobey\documents\github\comp3016_cw2\openglproject\openglproject\x64\debug\shaders.h.ifc
c:\users\tobey\documents\github\comp3016_cw2\openglproject\openglproject\x64\debug\shaders.h.ifc.d.json
c:\users\tobey\documents\github\comp3016_cw2\openglproject\openglproject\x64\debug\shaders.h.obj
c:\users\tobey\documents\github\comp3016_cw2\openglproject\openglproject\x64\debug\openglproject.ilk
c:\users\tobey\documents\github\comp3016_cw2\openglproject\x64\debug\openglproject.exe
c:\users\tobey\documents\github\comp3016_cw2\openglproject\x64\debug\openglproject.pdb
c:\users\tobey\documents\github\comp3016_cw2\openglproject\openglproject\x64\debug\shaders.h.module.json
c:\users\tobey\documents\github\comp3016_cw2\openglproject\openglproject\x64\debug\openglproject.tlog\cl.command.1.tlog
c:\users\tobey\documents\github\comp3016_cw2\openglproject\openglproject\x64\debug\openglproject.tlog\cl.items.tlog
c:\users\tobey\documents\github\comp3016_cw2\openglproject\openglproject\x64\debug\openglproject.tlog\cl.read.1.tlog
c:\users\tobey\documents\github\comp3016_cw2\openglproject\openglproject\x64\debug\openglproject.tlog\cl.write.1.tlog
c:\users\tobey\documents\github\comp3016_cw2\openglproject\openglproject\x64\debug\openglproject.tlog\link.command.1.tlog
c:\users\tobey\documents\github\comp3016_cw2\openglproject\openglproject\x64\debug\openglproject.tlog\link.read.1.tlog
c:\users\tobey\documents\github\comp3016_cw2\openglproject\openglproject\x64\debug\openglproject.tlog\link.write.1.tlog
c:\users\tobey\documents\github\comp3016_cw2\openglproject\openglproject\x64\debug\openglproject_md.tlog\cl.command.1.tlog
c:\users\tobey\documents\github\comp3016_cw2\openglproject\openglproject\x64\debug\openglproject_md.tlog\microsoft.build.cpptasks.cl.read.1.tlog
c:\users\tobey\documents\github\comp3016_cw2\openglproject\openglproject\x64\debug\openglproject_md.tlog\microsoft.build.cpptasks.cl.write.1.tlog
